[2026-05-10 22:11:07] [main] INFO  api.test.UserTests - ************************Creating User***************
[2026-05-10 22:11:12] [main] INFO  api.test.UserTests - ************************ User is created***************
[2026-05-10 22:11:12] [main] INFO  api.test.UserTests - ************************Reading User Info***************
[2026-05-10 22:11:13] [main] INFO  api.test.UserTests - ************************User info Displayed***************
[2026-05-10 22:11:13] [main] INFO  api.test.UserTests - ************************Updating User***************
[2026-05-10 22:11:16] [main] INFO  api.test.UserTests - ************************User is updated***************
[2026-05-10 22:11:16] [main] INFO  api.test.UserTests - ************************Deleting User***************
[2026-05-10 22:11:17] [main] INFO  api.test.UserTests - ************************User Deleted completed***************
[2026-05-10 22:52:55] [main] INFO  api.test.UserTests2 - ************************Creating User***************
[2026-05-10 22:52:59] [main] INFO  api.test.UserTests2 - ************************ User is created***************
[2026-05-10 22:52:59] [main] INFO  api.test.UserTests2 - ************************Reading User Info***************
[2026-05-10 22:53:00] [main] INFO  api.test.UserTests2 - ************************User info Displayed***************
[2026-05-10 22:53:00] [main] INFO  api.test.UserTests2 - ************************Updating User***************
[2026-05-10 22:53:03] [main] INFO  api.test.UserTests2 - ************************User is updated***************
[2026-05-10 22:53:03] [main] INFO  api.test.UserTests2 - ************************Deleting User***************
[2026-05-10 22:53:04] [main] INFO  api.test.UserTests2 - ************************User Deleted completed***************
[2026-05-10 22:58:33] [main] INFO  api.test.UserTests2 - ************************Creating User***************
[2026-05-10 22:58:37] [main] INFO  api.test.UserTests2 - ************************ User is created***************
[2026-05-10 22:58:37] [main] INFO  api.test.UserTests2 - ************************Reading User Info***************
[2026-05-10 22:58:38] [main] INFO  api.test.UserTests2 - ************************User info Displayed***************
[2026-05-10 22:58:38] [main] INFO  api.test.UserTests2 - ************************Updating User***************
[2026-05-10 22:58:41] [main] INFO  api.test.UserTests2 - ************************User is updated***************
[2026-05-10 22:58:41] [main] INFO  api.test.UserTests2 - ************************Deleting User***************
[2026-05-10 22:58:42] [main] INFO  api.test.UserTests2 - ************************User Deleted completed***************
[2026-05-11 22:25:34] [main] INFO  api.test.StoreTests - ****************Order placing************
[2026-05-11 22:25:38] [main] INFO  api.test.StoreTests - **************Order places successfully*************
[2026-05-11 22:25:38] [main] INFO  api.test.StoreTests - ****************Getting order by Orderid************
[2026-05-11 22:25:39] [main] INFO  api.test.StoreTests - ****************Deleting order by Orderid************
[2026-05-11 22:27:55] [main] INFO  api.test.StoreTests - ****************Order placing************
[2026-05-11 22:27:59] [main] INFO  api.test.StoreTests - **************Order places successfully*************
[2026-05-11 22:27:59] [main] INFO  api.test.StoreTests - ****************Getting order by Orderid************
[2026-05-11 22:28:01] [main] INFO  api.test.StoreTests - ****************order printed************
[2026-05-11 22:28:01] [main] INFO  api.test.StoreTests - ****************Deleting order by Orderid************
[2026-05-11 22:29:44] [main] INFO  api.test.StoreTests - ****************Order placing************
[2026-05-11 22:29:47] [main] INFO  api.test.StoreTests - **************Order places successfully*************
[2026-05-11 22:29:47] [main] INFO  api.test.StoreTests - ****************Getting order by Orderid************
[2026-05-11 22:29:49] [main] INFO  api.test.StoreTests - ****************Deleting order by Orderid************
[2026-05-11 23:02:03] [main] INFO  api.test.StoreTests - ****************Order placing************
[2026-05-11 23:02:07] [main] INFO  api.test.StoreTests - **************Order places successfully*************
[2026-05-11 23:02:07] [main] INFO  api.test.StoreTests - ****************Getting order by Orderid************
[2026-05-11 23:02:09] [main] INFO  api.test.StoreTests - ****************order printed************
[2026-05-11 23:02:09] [main] INFO  api.test.StoreTests - ****************Deleting order by Orderid************
[2026-05-11 23:02:10] [main] INFO  api.test.StoreTests - ****************order Deleted successfully************
[2026-05-11 23:02:19] [main] INFO  api.test.StoreTests - ****************Order placing************
[2026-05-11 23:02:23] [main] INFO  api.test.StoreTests - **************Order places successfully*************
[2026-05-11 23:02:23] [main] INFO  api.test.StoreTests - ****************Getting order by Orderid************
[2026-05-11 23:02:24] [main] INFO  api.test.StoreTests - ****************order printed************
[2026-05-11 23:02:24] [main] INFO  api.test.StoreTests - ****************Deleting order by Orderid************
[2026-05-11 23:02:25] [main] INFO  api.test.StoreTests - ****************order Deleted successfully************
[2026-05-11 23:08:32] [main] INFO  api.test.StoreTests - ****************Order placing************
[2026-05-11 23:08:36] [main] INFO  api.test.StoreTests - **************Order places successfully*************
[2026-05-11 23:08:36] [main] INFO  api.test.StoreTests - ****************Getting order by Orderid************
[2026-05-11 23:08:38] [main] INFO  api.test.StoreTests - ****************order printed************
[2026-05-11 23:08:38] [main] INFO  api.test.StoreTests - ****************Deleting order by Orderid************
[2026-05-11 23:08:39] [main] INFO  api.test.StoreTests - ****************order Deleted successfully************
[2026-05-11 23:08:39] [main] INFO  api.test.StoreTests - ****************Getting all orders************
[2026-05-11 23:08:41] [main] INFO  api.test.StoreTests - ****************Displayed all orders successfully************
